<?xml version="1.0" encoding="UTF-8"?>
<!-- Generated by org.testng.reporters.JUnitReportReporter -->
<testsuite skipped="0" hostname="hi-PC" name="demo1.NewTest" tests="1" failures="0" timestamp="09 Jun 2020 10:57:21 GMT" time="0.032" errors="0">
  <testcase name="f" time="0.032" classname="demo1.NewTest"/>
</testsuite> <!-- demo1.NewTest -->
